mode: set
github.com/timfewi/bookingsGo/internal/render/render.go:24.40,26.2 1 1
github.com/timfewi/bookingsGo/internal/render/render.go:29.84,35.2 5 1
github.com/timfewi/bookingsGo/internal/render/render.go:38.99,41.18 2 1
github.com/timfewi/bookingsGo/internal/render/render.go:41.18,44.3 1 0
github.com/timfewi/bookingsGo/internal/render/render.go:44.8,46.3 1 1
github.com/timfewi/bookingsGo/internal/render/render.go:49.2,50.9 2 1
github.com/timfewi/bookingsGo/internal/render/render.go:50.9,53.3 1 1
github.com/timfewi/bookingsGo/internal/render/render.go:55.2,63.16 5 1
github.com/timfewi/bookingsGo/internal/render/render.go:63.16,66.3 2 0
github.com/timfewi/bookingsGo/internal/render/render.go:68.2,68.12 1 1
github.com/timfewi/bookingsGo/internal/render/render.go:72.75,74.16 2 0
github.com/timfewi/bookingsGo/internal/render/render.go:74.16,76.3 1 0
github.com/timfewi/bookingsGo/internal/render/render.go:78.2,80.16 3 0
github.com/timfewi/bookingsGo/internal/render/render.go:80.16,82.3 1 0
github.com/timfewi/bookingsGo/internal/render/render.go:84.2,84.12 1 0
github.com/timfewi/bookingsGo/internal/render/render.go:88.67,92.16 3 1
github.com/timfewi/bookingsGo/internal/render/render.go:92.16,94.3 1 0
github.com/timfewi/bookingsGo/internal/render/render.go:96.2,96.29 1 1
github.com/timfewi/bookingsGo/internal/render/render.go:96.29,99.17 3 1
github.com/timfewi/bookingsGo/internal/render/render.go:99.17,101.4 1 0
github.com/timfewi/bookingsGo/internal/render/render.go:103.3,104.17 2 1
github.com/timfewi/bookingsGo/internal/render/render.go:104.17,106.4 1 0
github.com/timfewi/bookingsGo/internal/render/render.go:108.3,108.23 1 1
github.com/timfewi/bookingsGo/internal/render/render.go:108.23,110.18 2 1
github.com/timfewi/bookingsGo/internal/render/render.go:110.18,112.5 1 0
github.com/timfewi/bookingsGo/internal/render/render.go:115.3,115.21 1 1
github.com/timfewi/bookingsGo/internal/render/render.go:118.2,118.21 1 1
