mode: set
github.com/timfewi/bookingsGo/internal/handlers/handlers.go:22.47,26.2 1 1
github.com/timfewi/bookingsGo/internal/handlers/handlers.go:29.33,32.2 1 1
github.com/timfewi/bookingsGo/internal/handlers/handlers.go:35.67,41.2 3 1
github.com/timfewi/bookingsGo/internal/handlers/handlers.go:44.68,54.2 5 1
github.com/timfewi/bookingsGo/internal/handlers/handlers.go:57.74,67.2 4 1
github.com/timfewi/bookingsGo/internal/handlers/handlers.go:70.78,72.16 2 1
github.com/timfewi/bookingsGo/internal/handlers/handlers.go:72.16,75.3 2 0
github.com/timfewi/bookingsGo/internal/handlers/handlers.go:77.2,90.20 6 1
github.com/timfewi/bookingsGo/internal/handlers/handlers.go:90.20,99.3 4 0
github.com/timfewi/bookingsGo/internal/handlers/handlers.go:101.2,102.66 2 1
github.com/timfewi/bookingsGo/internal/handlers/handlers.go:107.71,109.2 1 1
github.com/timfewi/bookingsGo/internal/handlers/handlers.go:112.69,114.2 1 1
github.com/timfewi/bookingsGo/internal/handlers/handlers.go:117.75,119.2 1 1
github.com/timfewi/bookingsGo/internal/handlers/handlers.go:122.79,126.2 3 1
github.com/timfewi/bookingsGo/internal/handlers/handlers.go:134.79,141.2 2 1
github.com/timfewi/bookingsGo/internal/handlers/handlers.go:144.70,146.2 1 1
github.com/timfewi/bookingsGo/internal/handlers/handlers.go:149.81,151.9 2 1
github.com/timfewi/bookingsGo/internal/handlers/handlers.go:151.9,156.3 4 1
github.com/timfewi/bookingsGo/internal/handlers/handlers.go:158.2,166.4 4 0
